{"C:\\inetpub\\wwwroot\\sandbox\\brighte-eats\\server\\src\\resolvers.ts": {"path":"C:\\inetpub\\wwwroot\\sandbox\\brighte-eats\\server\\src\\resolvers.ts","statementMap":{"0":{"start":{"line":1,"column":13},"end":{"line":23,"column":2}},"1":{"start":{"line":4,"column":6},"end":{"line":4,"column":42}},"2":{"start":{"line":7,"column":6},"end":{"line":7,"column":73}},"3":{"start":{"line":12,"column":6},"end":{"line":17,"column":9}},"4":{"start":{"line":21,"column":31},"end":{"line":21,"column":58}}},"fnMap":{"0":{"name":"(anonymous_0)","decl":{"start":{"line":3,"column":11},"end":{"line":3,"column":16}},"loc":{"start":{"line":3,"column":54},"end":{"line":5,"column":5}}},"1":{"name":"(anonymous_1)","decl":{"start":{"line":6,"column":10},"end":{"line":6,"column":15}},"loc":{"start":{"line":6,"column":57},"end":{"line":8,"column":5}}},"2":{"name":"(anonymous_2)","decl":{"start":{"line":11,"column":14},"end":{"line":11,"column":19}},"loc":{"start":{"line":11,"column":59},"end":{"line":18,"column":5}}},"3":{"name":"(anonymous_3)","decl":{"start":{"line":21,"column":14},"end":{"line":21,"column":15}},"loc":{"start":{"line":21,"column":31},"end":{"line":21,"column":58}}}},"branchMap":{},"s":{"0":1,"1":0,"2":0,"3":1,"4":0},"f":{"0":0,"1":0,"2":1,"3":0},"b":{}}
}
